05:32:45.046 [main] INFO  api.test.UserTest - *************** Creating User **************
05:32:49.823 [main] INFO  api.test.UserTest - *************** User is created **************
05:32:49.845 [main] INFO  api.test.UserTest - *************** Reading user info **************
05:32:50.770 [main] INFO  api.test.UserTest - *************** User Info is displayed **************
05:32:50.774 [main] INFO  api.test.UserTest - *************** Updating user **************
05:32:51.651 [main] INFO  api.test.UserTest - *************** User is updated **************
05:32:52.482 [main] INFO  api.test.UserTest - *************** Deleting user **************
05:32:53.327 [main] INFO  api.test.UserTest - *************** User is deleted **************
05:37:11.522 [main] INFO  api.test.UserTest - *************** Creating User **************
05:37:15.543 [main] INFO  api.test.UserTest - *************** User is created **************
05:37:15.559 [main] INFO  api.test.UserTest - *************** Reading user info **************
05:37:16.472 [main] INFO  api.test.UserTest - *************** User Info is displayed **************
05:37:16.478 [main] INFO  api.test.UserTest - *************** Updating user **************
05:37:17.409 [main] INFO  api.test.UserTest - *************** User is updated **************
05:37:18.285 [main] INFO  api.test.UserTest - *************** Deleting user **************
05:37:19.162 [main] INFO  api.test.UserTest - *************** User is deleted **************
05:38:02.007 [main] INFO  api.test.UserTest - *************** Creating User **************
05:38:06.466 [main] INFO  api.test.UserTest - *************** User is created **************
05:38:06.489 [main] INFO  api.test.UserTest - *************** Reading user info **************
05:38:07.360 [main] INFO  api.test.UserTest - *************** User Info is displayed **************
05:38:07.367 [main] INFO  api.test.UserTest - *************** Updating user **************
05:38:08.209 [main] INFO  api.test.UserTest - *************** User is updated **************
05:38:09.021 [main] INFO  api.test.UserTest - *************** Deleting user **************
05:38:09.901 [main] INFO  api.test.UserTest - *************** User is deleted **************
05:38:54.443 [main] INFO  api.test.UserTest - *************** Creating User **************
05:38:58.902 [main] INFO  api.test.UserTest - *************** User is created **************
05:38:58.920 [main] INFO  api.test.UserTest - *************** Reading user info **************
05:38:59.798 [main] INFO  api.test.UserTest - *************** User Info is displayed **************
05:38:59.802 [main] INFO  api.test.UserTest - *************** Updating user **************
05:39:00.639 [main] INFO  api.test.UserTest - *************** User is updated **************
05:39:01.475 [main] INFO  api.test.UserTest - *************** Deleting user **************
05:39:02.289 [main] INFO  api.test.UserTest - *************** User is deleted **************
05:41:44.293 [main] INFO  api.test.UserTest - *************** Creating User **************
05:41:48.486 [main] INFO  api.test.UserTest - *************** User is created **************
05:41:48.502 [main] INFO  api.test.UserTest - *************** Reading user info **************
05:41:49.409 [main] INFO  api.test.UserTest - *************** User Info is displayed **************
05:41:49.412 [main] INFO  api.test.UserTest - *************** Updating user **************
05:41:50.288 [main] INFO  api.test.UserTest - *************** User is updated **************
05:41:51.145 [main] INFO  api.test.UserTest - *************** Deleting user **************
05:41:51.990 [main] INFO  api.test.UserTest - *************** User is deleted **************
05:42:21.124 [main] INFO  api.test.UserTest - *************** Creating User **************
05:42:25.757 [main] INFO  api.test.UserTest - *************** User is created **************
05:42:25.782 [main] INFO  api.test.UserTest - *************** Reading user info **************
05:42:26.721 [main] INFO  api.test.UserTest - *************** User Info is displayed **************
05:42:26.726 [main] INFO  api.test.UserTest - *************** Updating user **************
05:42:27.578 [main] INFO  api.test.UserTest - *************** User is updated **************
05:42:28.479 [main] INFO  api.test.UserTest - *************** Deleting user **************
05:42:29.326 [main] INFO  api.test.UserTest - *************** User is deleted **************
05:45:15.592 [main] DEBUG api.test.UserTest - debugging.....
05:45:15.622 [main] INFO  api.test.UserTest - *************** Creating User **************
05:45:19.921 [main] INFO  api.test.UserTest - *************** User is created **************
05:45:19.944 [main] INFO  api.test.UserTest - *************** Reading user info **************
05:45:20.822 [main] INFO  api.test.UserTest - *************** User Info is displayed **************
05:45:20.826 [main] INFO  api.test.UserTest - *************** Updating user **************
05:45:21.709 [main] INFO  api.test.UserTest - *************** User is updated **************
05:45:22.593 [main] INFO  api.test.UserTest - *************** Deleting user **************
05:45:23.450 [main] INFO  api.test.UserTest - *************** User is deleted **************
05:49:54.567 [main] DEBUG api.test.UserTest - debugging.....
05:49:54.598 [main] INFO  api.test.UserTest - *************** Creating User **************
05:49:58.377 [main] INFO  api.test.UserTest - *************** User is created **************
05:49:58.390 [main] INFO  api.test.UserTest - *************** Reading user info **************
05:49:59.336 [main] INFO  api.test.UserTest - *************** User Info is displayed **************
05:49:59.347 [main] INFO  api.test.UserTest - *************** Updating user **************
05:50:00.254 [main] INFO  api.test.UserTest - *************** User is updated **************
05:50:01.159 [main] INFO  api.test.UserTest - *************** Deleting user **************
05:50:02.051 [main] INFO  api.test.UserTest - *************** User is deleted **************
03:45:03.742 [main] DEBUG api.test.UserTest2 - debugging.....
03:45:03.773 [main] INFO  api.test.UserTest2 - *************** Creating User **************
03:45:08.292 [main] INFO  api.test.UserTest2 - *************** User is created **************
03:45:08.301 [main] INFO  api.test.UserTest2 - *************** Reading user info **************
03:45:09.174 [main] INFO  api.test.UserTest2 - *************** User Info is displayed **************
03:45:09.182 [main] INFO  api.test.UserTest2 - *************** Updating user **************
03:45:09.206 [main] INFO  api.test.UserTest2 - *************** Deleting user **************
03:45:10.099 [main] INFO  api.test.UserTest2 - *************** User is deleted **************
03:48:38.242 [main] DEBUG api.test.UserTest2 - debugging.....
03:48:38.275 [main] INFO  api.test.UserTest2 - *************** Creating User **************
03:48:42.956 [main] INFO  api.test.UserTest2 - *************** User is created **************
03:48:42.964 [main] INFO  api.test.UserTest2 - *************** Reading user info **************
03:48:43.863 [main] INFO  api.test.UserTest2 - *************** User Info is displayed **************
03:48:43.866 [main] INFO  api.test.UserTest2 - *************** Updating user **************
03:48:44.699 [main] INFO  api.test.UserTest2 - *************** User is updated **************
03:48:45.566 [main] INFO  api.test.UserTest2 - *************** Deleting user **************
03:48:46.433 [main] INFO  api.test.UserTest2 - *************** User is deleted **************
04:23:40.699 [main] DEBUG api.test.UserTest - debugging.....
04:23:40.731 [main] INFO  api.test.UserTest - *************** Creating User **************
04:23:44.749 [main] INFO  api.test.UserTest - *************** User is created **************
04:23:44.774 [main] INFO  api.test.UserTest - *************** Reading user info **************
04:23:45.690 [main] INFO  api.test.UserTest - *************** User Info is displayed **************
04:23:45.696 [main] INFO  api.test.UserTest - *************** Updating user **************
04:23:46.524 [main] INFO  api.test.UserTest - *************** User is updated **************
04:23:47.398 [main] INFO  api.test.UserTest - *************** Deleting user **************
04:23:48.217 [main] INFO  api.test.UserTest - *************** User is deleted **************
04:49:09.308 [main] DEBUG api.test.UserTest - debugging.....
04:49:09.341 [main] INFO  api.test.UserTest - *************** Creating User **************
04:49:13.303 [main] INFO  api.test.UserTest - *************** User is created **************
04:49:13.329 [main] INFO  api.test.UserTest - *************** Reading user info **************
04:49:14.205 [main] INFO  api.test.UserTest - *************** User Info is displayed **************
04:49:14.209 [main] INFO  api.test.UserTest - *************** Updating user **************
04:49:15.091 [main] INFO  api.test.UserTest - *************** User is updated **************
04:49:15.945 [main] INFO  api.test.UserTest - *************** Deleting user **************
04:49:16.790 [main] INFO  api.test.UserTest - *************** User is deleted **************
04:54:05.443 [main] DEBUG api.test.UserTest - debugging.....
04:54:05.469 [main] INFO  api.test.UserTest - *************** Creating User **************
04:54:09.136 [main] INFO  api.test.UserTest - *************** User is created **************
04:54:09.156 [main] INFO  api.test.UserTest - *************** Reading user info **************
04:54:10.011 [main] INFO  api.test.UserTest - *************** User Info is displayed **************
04:54:10.016 [main] INFO  api.test.UserTest - *************** Updating user **************
04:54:10.871 [main] INFO  api.test.UserTest - *************** User is updated **************
04:54:11.719 [main] INFO  api.test.UserTest - *************** Deleting user **************
04:54:12.547 [main] INFO  api.test.UserTest - *************** User is deleted **************
23:37:38.578 [main] DEBUG api.test.UserTest2 - debugging.....
23:37:38.612 [main] INFO  api.test.UserTest2 - *************** Creating User **************
23:37:43.539 [main] INFO  api.test.UserTest2 - *************** User is created **************
23:37:43.547 [main] INFO  api.test.UserTest2 - *************** Reading user info **************
23:37:44.459 [main] INFO  api.test.UserTest2 - *************** User Info is displayed **************
23:37:44.469 [main] INFO  api.test.UserTest2 - *************** Updating user **************
23:37:45.328 [main] INFO  api.test.UserTest2 - *************** User is updated **************
23:37:46.258 [main] INFO  api.test.UserTest2 - *************** Deleting user **************
23:37:47.141 [main] INFO  api.test.UserTest2 - *************** User is deleted **************
23:39:31.290 [main] DEBUG api.test.UserTest - debugging.....
23:39:31.319 [main] INFO  api.test.UserTest - *************** Creating User **************
23:39:34.819 [main] INFO  api.test.UserTest - *************** User is created **************
23:39:34.834 [main] INFO  api.test.UserTest - *************** Reading user info **************
23:39:35.743 [main] INFO  api.test.UserTest - *************** User Info is displayed **************
23:39:35.749 [main] INFO  api.test.UserTest - *************** Updating user **************
23:39:36.657 [main] INFO  api.test.UserTest - *************** User is updated **************
23:39:37.572 [main] INFO  api.test.UserTest - *************** Deleting user **************
23:39:38.414 [main] INFO  api.test.UserTest - *************** User is deleted **************
23:40:24.114 [main] DEBUG api.test.UserTest - debugging.....
23:40:24.140 [main] INFO  api.test.UserTest - *************** Creating User **************
23:40:27.841 [main] INFO  api.test.UserTest - *************** User is created **************
23:40:27.859 [main] INFO  api.test.UserTest - *************** Reading user info **************
23:40:28.780 [main] INFO  api.test.UserTest - *************** User Info is displayed **************
23:40:28.783 [main] INFO  api.test.UserTest - *************** Updating user **************
23:40:29.644 [main] INFO  api.test.UserTest - *************** User is updated **************
23:40:30.492 [main] INFO  api.test.UserTest - *************** Deleting user **************
23:40:31.359 [main] INFO  api.test.UserTest - *************** User is deleted **************
